<?xml version="1.0" encoding="UTF-8"?>
<testng-results skipped="0" failed="0" total="1" passed="1">
  <reporter-output>
  </reporter-output>
  <suite name="tests.BasicTest" duration-ms="100517" started-at="2018-11-18T13:16:24Z" finished-at="2018-11-18T13:18:04Z">
    <groups>
    </groups>
    <test name="Command line test" duration-ms="100517" started-at="2018-11-18T13:16:24Z" finished-at="2018-11-18T13:18:04Z">
      <class name="tests.BasicTest">
        <test-method status="PASS" signature="setUpClass()[pri:0, instance:tests.BasicTest@6e8dacdf]" name="setUpClass" is-config="true" duration-ms="19814" started-at="2018-11-19T00:16:24Z" finished-at="2018-11-19T00:16:44Z">
          <reporter-output>
          </reporter-output>
        </test-method> <!-- setUpClass -->
        <test-method status="PASS" signature="setUpMethod()[pri:0, instance:tests.BasicTest@6e8dacdf]" name="setUpMethod" is-config="true" duration-ms="0" started-at="2018-11-19T00:16:44Z" finished-at="2018-11-19T00:16:44Z">
          <reporter-output>
          </reporter-output>
        </test-method> <!-- setUpMethod -->
        <test-method status="PASS" signature="uploadTest()[pri:0, instance:tests.BasicTest@6e8dacdf]" name="uploadTest" duration-ms="80672" started-at="2018-11-19T00:16:44Z" finished-at="2018-11-19T00:18:04Z">
          <reporter-output>
          </reporter-output>
        </test-method> <!-- uploadTest -->
        <test-method status="PASS" signature="tearDownMethod()[pri:0, instance:tests.BasicTest@6e8dacdf]" name="tearDownMethod" is-config="true" duration-ms="15" started-at="2018-11-19T00:18:04Z" finished-at="2018-11-19T00:18:04Z">
          <reporter-output>
          </reporter-output>
        </test-method> <!-- tearDownMethod -->
        <test-method status="PASS" signature="tearDownClass()[pri:0, instance:tests.BasicTest@6e8dacdf]" name="tearDownClass" is-config="true" duration-ms="0" started-at="2018-11-19T00:18:04Z" finished-at="2018-11-19T00:18:04Z">
          <reporter-output>
          </reporter-output>
        </test-method> <!-- tearDownClass -->
      </class> <!-- tests.BasicTest -->
    </test> <!-- Command line test -->
  </suite> <!-- tests.BasicTest -->
</testng-results>
